Script started on 2020-09-15 23:20:37-0700
]0;hamed@ubuntu: ~/Desktop/proj1/Project1/cpu[01;32mhamed@ubuntu[00m:[01;34m~/Desktop/proj1/Project1/cpu[00m$ exit./monitor.py 
--------------------------------------------------
0 - usage: 0.0 | mapping []
1 - usage: 0.0 | mapping []
2 - usage: 0.0 | mapping []
3 - usage: 0.0 | mapping []
--------------------------------------------------
0 - usage: 0.0 | mapping ['aos_vm8', 'aos_vm3']
1 - usage: 1.0 | mapping ['aos_vm7', 'aos_vm4', 'aos_vm1']
2 - usage: 0.0 | mapping []
3 - usage: 1.0 | mapping ['aos_vm5', 'aos_vm2', 'aos_vm6']
--------------------------------------------------
0 - usage: 0.0 | mapping ['aos_vm8', 'aos_vm3']
1 - usage: 2.0 | mapping ['aos_vm7', 'aos_vm4', 'aos_vm1']
2 - usage: 0.0 | mapping []
3 - usage: 0.0 | mapping ['aos_vm5', 'aos_vm2', 'aos_vm6']
--------------------------------------------------
0 - usage: 0.0 | mapping ['aos_vm3']
1 - usage: 0.0 | mapping ['aos_vm7', 'aos_vm4', 'aos_vm1']
2 - usage: 0.0 | mapping ['aos_vm8']
3 - usage: 1.0 | mapping ['aos_vm5', 'aos_vm2', 'aos_vm6']
--------------------------------------------------
0 - usage: 1.0 | mapping ['aos_vm7', 'aos_vm3']
1 - usage: 0.0 | mapping ['aos_vm4', 'aos_vm1']
2 - usage: 1.0 | mapping ['aos_vm5', 'aos_vm2', 'aos_vm8']
3 - usage: 1.0 | mapping ['aos_vm6']
--------------------------------------------------
0 - usage: 0.0 | mapping ['aos_vm7', 'aos_vm3']
1 - usage: 0.0 | mapping ['aos_vm4', 'aos_vm1']
2 - usage: 0.0 | mapping ['aos_vm5', 'aos_vm2', 'aos_vm8']
3 - usage: 0.0 | mapping ['aos_vm6']
--------------------------------------------------
0 - usage: 0.0 | mapping []
1 - usage: 0.0 | mapping ['aos_vm4', 'aos_vm3', 'aos_vm1']
2 - usage: 1.0 | mapping ['aos_vm5', 'aos_vm2', 'aos_vm8']
3 - usage: 0.0 | mapping ['aos_vm6', 'aos_vm7']
--------------------------------------------------
0 - usage: 0.0 | mapping []
1 - usage: 0.0 | mapping ['aos_vm4', 'aos_vm3', 'aos_vm1']
2 - usage: 0.0 | mapping ['aos_vm5', 'aos_vm2', 'aos_vm8']
3 - usage: 0.0 | mapping ['aos_vm6', 'aos_vm7']
--------------------------------------------------
0 - usage: 0.0 | mapping []
1 - usage: 0.0 | mapping ['aos_vm4', 'aos_vm3', 'aos_vm1']
2 - usage: 0.0 | mapping ['aos_vm5', 'aos_vm2', 'aos_vm8']
3 - usage: 0.0 | mapping ['aos_vm6', 'aos_vm7']
--------------------------------------------------
0 - usage: 2.0 | mapping ['aos_vm1']
1 - usage: 1.0 | mapping ['aos_vm8', 'aos_vm4']
2 - usage: 2.0 | mapping ['aos_vm5', 'aos_vm2', 'aos_vm3']
3 - usage: 1.0 | mapping ['aos_vm6', 'aos_vm7']
--------------------------------------------------
0 - usage: 83.0 | mapping ['aos_vm7', 'aos_vm8', 'aos_vm1']
1 - usage: 80.0 | mapping ['aos_vm2', 'aos_vm6', 'aos_vm4']
2 - usage: 26.0 | mapping ['aos_vm3']
3 - usage: 21.0 | mapping ['aos_vm5']
--------------------------------------------------
0 - usage: 56.0 | mapping ['aos_vm7', 'aos_vm3']
1 - usage: 29.0 | mapping ['aos_vm8']
2 - usage: 57.0 | mapping ['aos_vm6', 'aos_vm4']
3 - usage: 100.0 | mapping ['aos_vm5', 'aos_vm2', 'aos_vm1']
--------------------------------------------------
0 - usage: 14.0 | mapping ['aos_vm7']
1 - usage: 55.0 | mapping ['aos_vm5', 'aos_vm8', 'aos_vm4', 'aos_vm1']
2 - usage: 12.0 | mapping ['aos_vm6']
3 - usage: 20.0 | mapping ['aos_vm2', 'aos_vm3']
--------------------------------------------------
0 - usage: 109.0 | mapping ['aos_vm5', 'aos_vm2', 'aos_vm6']
1 - usage: 99.0 | mapping ['aos_vm8', 'aos_vm3', 'aos_vm1']
2 - usage: 36.0 | mapping ['aos_vm7']
3 - usage: 38.0 | mapping ['aos_vm4']
--------------------------------------------------
0 - usage: 117.0 | mapping ['aos_vm6', 'aos_vm8', 'aos_vm3']
1 - usage: 27.0 | mapping ['aos_vm1']
2 - usage: 112.0 | mapping ['aos_vm5', 'aos_vm2', 'aos_vm4']
3 - usage: 34.0 | mapping ['aos_vm7']
--------------------------------------------------
0 - usage: 43.0 | mapping ['aos_vm6']
1 - usage: 137.0 | mapping ['aos_vm5', 'aos_vm3', 'aos_vm1']
2 - usage: 86.0 | mapping ['aos_vm2', 'aos_vm7']
3 - usage: 88.0 | mapping ['aos_vm8', 'aos_vm4']
--------------------------------------------------
0 - usage: 93.0 | mapping ['aos_vm2', 'aos_vm4']
1 - usage: 110.0 | mapping ['aos_vm7', 'aos_vm8', 'aos_vm1']
2 - usage: 94.0 | mapping ['aos_vm5', 'aos_vm3']
3 - usage: 49.0 | mapping ['aos_vm6']
--------------------------------------------------
0 - usage: 75.0 | mapping ['aos_vm8', 'aos_vm4', 'aos_vm1']
1 - usage: 54.0 | mapping ['aos_vm2', 'aos_vm7']
2 - usage: 24.0 | mapping ['aos_vm6']
3 - usage: 58.0 | mapping ['aos_vm5', 'aos_vm3']
--------------------------------------------------
0 - usage: 44.0 | mapping ['aos_vm8', 'aos_vm3']
1 - usage: 44.0 | mapping ['aos_vm5', 'aos_vm6']
2 - usage: 43.0 | mapping ['aos_vm4', 'aos_vm1']
3 - usage: 44.0 | mapping ['aos_vm2', 'aos_vm7']
--------------------------------------------------
0 - usage: 63.0 | mapping ['aos_vm7', 'aos_vm8', 'aos_vm3']
1 - usage: 41.0 | mapping ['aos_vm5', 'aos_vm6']
2 - usage: 20.0 | mapping ['aos_vm4']
3 - usage: 43.0 | mapping ['aos_vm2', 'aos_vm1']
--------------------------------------------------
0 - usage: 64.0 | mapping ['aos_vm7', 'aos_vm8', 'aos_vm3']
1 - usage: 43.0 | mapping ['aos_vm5', 'aos_vm6']
2 - usage: 21.0 | mapping ['aos_vm4']
3 - usage: 43.0 | mapping ['aos_vm2', 'aos_vm1']
--------------------------------------------------
0 - usage: 63.0 | mapping ['aos_vm7', 'aos_vm8', 'aos_vm3']
1 - usage: 43.0 | mapping ['aos_vm5', 'aos_vm6']
2 - usage: 21.0 | mapping ['aos_vm4']
3 - usage: 43.0 | mapping ['aos_vm2', 'aos_vm1']
--------------------------------------------------
0 - usage: 42.0 | mapping ['aos_vm8', 'aos_vm3']
1 - usage: 65.0 | mapping ['aos_vm5', 'aos_vm6', 'aos_vm7']
2 - usage: 20.0 | mapping ['aos_vm4']
3 - usage: 42.0 | mapping ['aos_vm2', 'aos_vm1']
--------------------------------------------------
0 - usage: 46.0 | mapping ['aos_vm5', 'aos_vm8']
1 - usage: 65.0 | mapping ['aos_vm2', 'aos_vm7', 'aos_vm1']
2 - usage: 46.0 | mapping ['aos_vm6', 'aos_vm3']
3 - usage: 20.0 | mapping ['aos_vm4']
--------------------------------------------------
0 - usage: 44.0 | mapping ['aos_vm5', 'aos_vm8']
1 - usage: 44.0 | mapping ['aos_vm7', 'aos_vm1']
2 - usage: 44.0 | mapping ['aos_vm6', 'aos_vm3']
3 - usage: 46.0 | mapping ['aos_vm2', 'aos_vm4']
--------------------------------------------------
0 - usage: 44.0 | mapping ['aos_vm5', 'aos_vm8']
1 - usage: 45.0 | mapping ['aos_vm4', 'aos_vm1']
2 - usage: 45.0 | mapping ['aos_vm6', 'aos_vm3']
3 - usage: 43.0 | mapping ['aos_vm2', 'aos_vm7']
--------------------------------------------------
0 - usage: 46.0 | mapping ['aos_vm5', 'aos_vm8']
1 - usage: 44.0 | mapping ['aos_vm7', 'aos_vm1']
2 - usage: 45.0 | mapping ['aos_vm6', 'aos_vm3']
3 - usage: 44.0 | mapping ['aos_vm2', 'aos_vm4']
--------------------------------------------------
0 - usage: 45.0 | mapping ['aos_vm7', 'aos_vm4']
1 - usage: 43.0 | mapping ['aos_vm8', 'aos_vm1']
2 - usage: 45.0 | mapping ['aos_vm6', 'aos_vm3']
3 - usage: 44.0 | mapping ['aos_vm5', 'aos_vm2']
--------------------------------------------------
0 - usage: 44.0 | mapping ['aos_vm7', 'aos_vm4']
1 - usage: 43.0 | mapping ['aos_vm5', 'aos_vm8']
2 - usage: 43.0 | mapping ['aos_vm6', 'aos_vm3']
3 - usage: 43.0 | mapping ['aos_vm2', 'aos_vm1']
--------------------------------------------------
0 - usage: 44.0 | mapping ['aos_vm7', 'aos_vm4']
1 - usage: 45.0 | mapping ['aos_vm5', 'aos_vm8']
2 - usage: 46.0 | mapping ['aos_vm6', 'aos_vm3']
3 - usage: 43.0 | mapping ['aos_vm2', 'aos_vm1']
--------------------------------------------------
0 - usage: 44.0 | mapping ['aos_vm7', 'aos_vm4']
1 - usage: 43.0 | mapping ['aos_vm5', 'aos_vm8']
2 - usage: 46.0 | mapping ['aos_vm6', 'aos_vm3']
3 - usage: 46.0 | mapping ['aos_vm2', 'aos_vm1']
--------------------------------------------------
0 - usage: 44.0 | mapping ['aos_vm7', 'aos_vm4']
1 - usage: 43.0 | mapping ['aos_vm6', 'aos_vm1']
2 - usage: 42.0 | mapping ['aos_vm5', 'aos_vm3']
3 - usage: 43.0 | mapping ['aos_vm2', 'aos_vm8']
--------------------------------------------------
0 - usage: 42.0 | mapping ['aos_vm7', 'aos_vm8']
1 - usage: 43.0 | mapping ['aos_vm4', 'aos_vm1']
2 - usage: 46.0 | mapping ['aos_vm5', 'aos_vm3']
3 - usage: 45.0 | mapping ['aos_vm2', 'aos_vm6']
--------------------------------------------------
0 - usage: 44.0 | mapping ['aos_vm8', 'aos_vm1']
1 - usage: 44.0 | mapping ['aos_vm2', 'aos_vm7']
2 - usage: 44.0 | mapping ['aos_vm5', 'aos_vm3']
3 - usage: 43.0 | mapping ['aos_vm6', 'aos_vm4']
--------------------------------------------------
0 - usage: 44.0 | mapping ['aos_vm5', 'aos_vm4']
1 - usage: 42.0 | mapping ['aos_vm8', 'aos_vm1']
2 - usage: 44.0 | mapping ['aos_vm7', 'aos_vm3']
3 - usage: 43.0 | mapping ['aos_vm2', 'aos_vm6']
--------------------------------------------------
0 - usage: 44.0 | mapping ['aos_vm8', 'aos_vm4']
1 - usage: 44.0 | mapping ['aos_vm2', 'aos_vm7']
2 - usage: 43.0 | mapping ['aos_vm6', 'aos_vm3']
3 - usage: 45.0 | mapping ['aos_vm5', 'aos_vm1']
--------------------------------------------------
0 - usage: 45.0 | mapping ['aos_vm6', 'aos_vm4']
1 - usage: 45.0 | mapping ['aos_vm5', 'aos_vm1']
2 - usage: 45.0 | mapping ['aos_vm2', 'aos_vm3']
3 - usage: 45.0 | mapping ['aos_vm7', 'aos_vm8']
--------------------------------------------------
0 - usage: 45.0 | mapping ['aos_vm6', 'aos_vm4']
1 - usage: 44.0 | mapping ['aos_vm5', 'aos_vm1']
2 - usage: 45.0 | mapping ['aos_vm2', 'aos_vm3']
3 - usage: 44.0 | mapping ['aos_vm7', 'aos_vm8']
--------------------------------------------------
0 - usage: 45.0 | mapping ['aos_vm6', 'aos_vm8']
1 - usage: 45.0 | mapping ['aos_vm4', 'aos_vm1']
2 - usage: 43.0 | mapping ['aos_vm2', 'aos_vm3']
3 - usage: 43.0 | mapping ['aos_vm5', 'aos_vm7']
--------------------------------------------------
0 - usage: 43.0 | mapping ['aos_vm8', 'aos_vm1']
1 - usage: 42.0 | mapping ['aos_vm5', 'aos_vm4']
2 - usage: 43.0 | mapping ['aos_vm6', 'aos_vm3']
3 - usage: 44.0 | mapping ['aos_vm2', 'aos_vm7']
--------------------------------------------------
0 - usage: 65.0 | mapping ['aos_vm8', 'aos_vm4', 'aos_vm1']
1 - usage: 21.0 | mapping ['aos_vm5']
2 - usage: 41.0 | mapping ['aos_vm2', 'aos_vm3']
3 - usage: 42.0 | mapping ['aos_vm6', 'aos_vm7']
--------------------------------------------------
0 - usage: 44.0 | mapping ['aos_vm6', 'aos_vm1']
1 - usage: 44.0 | mapping ['aos_vm7', 'aos_vm8']
2 - usage: 22.0 | mapping ['aos_vm3']
3 - usage: 65.0 | mapping ['aos_vm5', 'aos_vm2', 'aos_vm4']
--------------------------------------------------
0 - usage: 42.0 | mapping ['aos_vm6', 'aos_vm1']
1 - usage: 40.0 | mapping ['aos_vm7', 'aos_vm8']
2 - usage: 21.0 | mapping ['aos_vm3']
3 - usage: 62.0 | mapping ['aos_vm5', 'aos_vm2', 'aos_vm4']
--------------------------------------------------
0 - usage: 44.0 | mapping ['aos_vm6', 'aos_vm7']
1 - usage: 47.0 | mapping ['aos_vm2', 'aos_vm8']
2 - usage: 42.0 | mapping ['aos_vm4', 'aos_vm3']
3 - usage: 43.0 | mapping ['aos_vm5', 'aos_vm1']
--------------------------------------------------
0 - usage: 44.0 | mapping ['aos_vm5', 'aos_vm1']
1 - usage: 42.0 | mapping ['aos_vm7', 'aos_vm8']
2 - usage: 45.0 | mapping ['aos_vm4', 'aos_vm3']
3 - usage: 43.0 | mapping ['aos_vm2', 'aos_vm6']
--------------------------------------------------
0 - usage: 44.0 | mapping ['aos_vm5', 'aos_vm8']
1 - usage: 44.0 | mapping ['aos_vm7', 'aos_vm1']
2 - usage: 44.0 | mapping ['aos_vm4', 'aos_vm3']
3 - usage: 45.0 | mapping ['aos_vm2', 'aos_vm6']
--------------------------------------------------
0 - usage: 45.0 | mapping ['aos_vm5', 'aos_vm7']
1 - usage: 46.0 | mapping ['aos_vm6', 'aos_vm8']
2 - usage: 43.0 | mapping ['aos_vm4', 'aos_vm3']
3 - usage: 45.0 | mapping ['aos_vm2', 'aos_vm1']
--------------------------------------------------
0 - usage: 21.0 | mapping ['aos_vm2']
1 - usage: 22.0 | mapping ['aos_vm5']
2 - usage: 66.0 | mapping ['aos_vm7', 'aos_vm4', 'aos_vm3']
3 - usage: 63.0 | mapping ['aos_vm6', 'aos_vm8', 'aos_vm1']
--------------------------------------------------
0 - usage: 45.0 | mapping ['aos_vm5', 'aos_vm7']
1 - usage: 66.0 | mapping ['aos_vm2', 'aos_vm8', 'aos_vm1']
2 - usage: 44.0 | mapping ['aos_vm4', 'aos_vm3']
3 - usage: 22.0 | mapping ['aos_vm6']
--------------------------------------------------
0 - usage: 44.0 | mapping ['aos_vm7', 'aos_vm1']
1 - usage: 43.0 | mapping ['aos_vm6', 'aos_vm8']
2 - usage: 43.0 | mapping ['aos_vm4', 'aos_vm3']
3 - usage: 45.0 | mapping ['aos_vm5', 'aos_vm2']
--------------------------------------------------
0 - usage: 44.0 | mapping ['aos_vm7', 'aos_vm1']
1 - usage: 44.0 | mapping ['aos_vm6', 'aos_vm8']
2 - usage: 46.0 | mapping ['aos_vm4', 'aos_vm3']
3 - usage: 43.0 | mapping ['aos_vm5', 'aos_vm2']
--------------------------------------------------
0 - usage: 44.0 | mapping ['aos_vm7', 'aos_vm1']
1 - usage: 46.0 | mapping ['aos_vm5', 'aos_vm2']
2 - usage: 43.0 | mapping ['aos_vm4', 'aos_vm3']
3 - usage: 43.0 | mapping ['aos_vm6', 'aos_vm8']
--------------------------------------------------
0 - usage: 43.0 | mapping ['aos_vm5', 'aos_vm2']
1 - usage: 45.0 | mapping ['aos_vm7', 'aos_vm1']
2 - usage: 47.0 | mapping ['aos_vm4', 'aos_vm3']
3 - usage: 44.0 | mapping ['aos_vm6', 'aos_vm8']
--------------------------------------------------
0 - usage: 45.0 | mapping ['aos_vm5', 'aos_vm2']
1 - usage: 44.0 | mapping ['aos_vm7', 'aos_vm1']
2 - usage: 43.0 | mapping ['aos_vm4', 'aos_vm3']
3 - usage: 42.0 | mapping ['aos_vm6', 'aos_vm8']
--------------------------------------------------
0 - usage: 46.0 | mapping ['aos_vm6', 'aos_vm7']
1 - usage: 45.0 | mapping ['aos_vm2', 'aos_vm8']
2 - usage: 45.0 | mapping ['aos_vm4', 'aos_vm3']
3 - usage: 43.0 | mapping ['aos_vm5', 'aos_vm1']
--------------------------------------------------
0 - usage: 45.0 | mapping ['aos_vm7', 'aos_vm8']
1 - usage: 47.0 | mapping ['aos_vm2', 'aos_vm1']
2 - usage: 43.0 | mapping ['aos_vm4', 'aos_vm3']
3 - usage: 43.0 | mapping ['aos_vm5', 'aos_vm6']
--------------------------------------------------
0 - usage: 23.0 | mapping ['aos_vm5']
1 - usage: 42.0 | mapping ['aos_vm8', 'aos_vm1']
2 - usage: 67.0 | mapping ['aos_vm7', 'aos_vm4', 'aos_vm3']
3 - usage: 45.0 | mapping ['aos_vm2', 'aos_vm6']
--------------------------------------------------
0 - usage: 46.0 | mapping ['aos_vm6', 'aos_vm1']
1 - usage: 43.0 | mapping ['aos_vm5', 'aos_vm2']
2 - usage: 45.0 | mapping ['aos_vm4', 'aos_vm3']
3 - usage: 43.0 | mapping ['aos_vm7', 'aos_vm8']
--------------------------------------------------
0 - usage: 45.0 | mapping ['aos_vm5', 'aos_vm6']
1 - usage: 46.0 | mapping ['aos_vm7', 'aos_vm8']
2 - usage: 44.0 | mapping ['aos_vm4', 'aos_vm3']
3 - usage: 44.0 | mapping ['aos_vm2', 'aos_vm1']
--------------------------------------------------
0 - usage: 45.0 | mapping ['aos_vm5', 'aos_vm6']
1 - usage: 45.0 | mapping ['aos_vm7', 'aos_vm8']
2 - usage: 45.0 | mapping ['aos_vm4', 'aos_vm3']
3 - usage: 47.0 | mapping ['aos_vm2', 'aos_vm1']
--------------------------------------------------
0 - usage: 42.0 | mapping ['aos_vm7', 'aos_vm1']
1 - usage: 43.0 | mapping ['aos_vm5', 'aos_vm8']
2 - usage: 46.0 | mapping ['aos_vm4', 'aos_vm3']
3 - usage: 43.0 | mapping ['aos_vm2', 'aos_vm6']
--------------------------------------------------
0 - usage: 67.0 | mapping ['aos_vm5', 'aos_vm2', 'aos_vm8']
1 - usage: 44.0 | mapping ['aos_vm6', 'aos_vm1']
2 - usage: 63.0 | mapping ['aos_vm7', 'aos_vm4', 'aos_vm3']
3 - usage: 0.0 | mapping []
--------------------------------------------------
0 - usage: 46.0 | mapping ['aos_vm6', 'aos_vm7']
1 - usage: 43.0 | mapping ['aos_vm5', 'aos_vm2']
2 - usage: 44.0 | mapping ['aos_vm4', 'aos_vm3']
3 - usage: 43.0 | mapping ['aos_vm8', 'aos_vm1']
--------------------------------------------------
0 - usage: 45.0 | mapping ['aos_vm6', 'aos_vm7']
1 - usage: 43.0 | mapping ['aos_vm5', 'aos_vm2']
2 - usage: 43.0 | mapping ['aos_vm4', 'aos_vm3']
3 - usage: 45.0 | mapping ['aos_vm8', 'aos_vm1']
--------------------------------------------------
0 - usage: 44.0 | mapping ['aos_vm6', 'aos_vm7']
1 - usage: 44.0 | mapping ['aos_vm5', 'aos_vm2']
2 - usage: 45.0 | mapping ['aos_vm4', 'aos_vm3']
3 - usage: 43.0 | mapping ['aos_vm8', 'aos_vm1']
--------------------------------------------------
0 - usage: 44.0 | mapping ['aos_vm7', 'aos_vm8']
1 - usage: 43.0 | mapping ['aos_vm2', 'aos_vm1']
2 - usage: 42.0 | mapping ['aos_vm4', 'aos_vm3']
3 - usage: 44.0 | mapping ['aos_vm5', 'aos_vm6']
--------------------------------------------------
0 - usage: 46.0 | mapping ['aos_vm6', 'aos_vm8']
1 - usage: 44.0 | mapping ['aos_vm7', 'aos_vm1']
2 - usage: 45.0 | mapping ['aos_vm4', 'aos_vm3']
3 - usage: 45.0 | mapping ['aos_vm5', 'aos_vm2']
--------------------------------------------------
0 - usage: 44.0 | mapping ['aos_vm6', 'aos_vm8']
1 - usage: 23.0 | mapping ['aos_vm2']
2 - usage: 67.0 | mapping ['aos_vm7', 'aos_vm4', 'aos_vm3']
3 - usage: 45.0 | mapping ['aos_vm5', 'aos_vm1']
--------------------------------------------------
0 - usage: 42.0 | mapping ['aos_vm6', 'aos_vm7']
1 - usage: 43.0 | mapping ['aos_vm5', 'aos_vm8']
2 - usage: 43.0 | mapping ['aos_vm4', 'aos_vm3']
3 - usage: 43.0 | mapping ['aos_vm2', 'aos_vm1']
--------------------------------------------------
0 - usage: 45.0 | mapping ['aos_vm5', 'aos_vm2']
1 - usage: 45.0 | mapping ['aos_vm6', 'aos_vm7']
2 - usage: 65.0 | mapping ['aos_vm8', 'aos_vm4', 'aos_vm3']
3 - usage: 22.0 | mapping ['aos_vm1']
--------------------------------------------------
0 - usage: 41.0 | mapping ['aos_vm5', 'aos_vm1']
1 - usage: 43.0 | mapping ['aos_vm6', 'aos_vm8']
2 - usage: 42.0 | mapping ['aos_vm4', 'aos_vm3']
3 - usage: 42.0 | mapping ['aos_vm2', 'aos_vm7']
--------------------------------------------------
0 - usage: 44.0 | mapping ['aos_vm2', 'aos_vm1']
1 - usage: 45.0 | mapping ['aos_vm5', 'aos_vm7']
2 - usage: 43.0 | mapping ['aos_vm4', 'aos_vm3']
3 - usage: 44.0 | mapping ['aos_vm6', 'aos_vm8']
--------------------------------------------------
0 - usage: 45.0 | mapping ['aos_vm5', 'aos_vm6']
1 - usage: 41.0 | mapping ['aos_vm2', 'aos_vm7']
2 - usage: 40.0 | mapping ['aos_vm4', 'aos_vm3']
3 - usage: 41.0 | mapping ['aos_vm8', 'aos_vm1']
--------------------------------------------------
0 - usage: 44.0 | mapping ['aos_vm5', 'aos_vm6']
1 - usage: 43.0 | mapping ['aos_vm2', 'aos_vm7']
2 - usage: 44.0 | mapping ['aos_vm4', 'aos_vm3']
3 - usage: 44.0 | mapping ['aos_vm8', 'aos_vm1']
--------------------------------------------------
0 - usage: 43.0 | mapping ['aos_vm5', 'aos_vm1']
1 - usage: 44.0 | mapping ['aos_vm2', 'aos_vm7']
2 - usage: 44.0 | mapping ['aos_vm4', 'aos_vm3']
3 - usage: 44.0 | mapping ['aos_vm6', 'aos_vm8']
--------------------------------------------------
0 - usage: 47.0 | mapping ['aos_vm5', 'aos_vm1']
1 - usage: 44.0 | mapping ['aos_vm2', 'aos_vm7']
2 - usage: 45.0 | mapping ['aos_vm4', 'aos_vm3']
3 - usage: 45.0 | mapping ['aos_vm6', 'aos_vm8']
--------------------------------------------------
0 - usage: 42.0 | mapping ['aos_vm5', 'aos_vm1']
1 - usage: 43.0 | mapping ['aos_vm6', 'aos_vm7']
2 - usage: 44.0 | mapping ['aos_vm4', 'aos_vm3']
3 - usage: 43.0 | mapping ['aos_vm2', 'aos_vm8']
--------------------------------------------------
0 - usage: 43.0 | mapping ['aos_vm5', 'aos_vm1']
1 - usage: 42.0 | mapping ['aos_vm6', 'aos_vm7']
2 - usage: 42.0 | mapping ['aos_vm4', 'aos_vm3']
3 - usage: 43.0 | mapping ['aos_vm2', 'aos_vm8']
--------------------------------------------------
0 - usage: 46.0 | mapping ['aos_vm6', 'aos_vm1']
1 - usage: 46.0 | mapping ['aos_vm5', 'aos_vm7']
2 - usage: 44.0 | mapping ['aos_vm4', 'aos_vm3']
3 - usage: 44.0 | mapping ['aos_vm2', 'aos_vm8']
--------------------------------------------------
0 - usage: 45.0 | mapping ['aos_vm2', 'aos_vm6']
1 - usage: 44.0 | mapping ['aos_vm7', 'aos_vm1']
2 - usage: 44.0 | mapping ['aos_vm4', 'aos_vm3']
3 - usage: 44.0 | mapping ['aos_vm5', 'aos_vm8']
--------------------------------------------------
0 - usage: 45.0 | mapping ['aos_vm2', 'aos_vm6']
1 - usage: 42.0 | mapping ['aos_vm7', 'aos_vm1']
2 - usage: 44.0 | mapping ['aos_vm4', 'aos_vm3']
3 - usage: 43.0 | mapping ['aos_vm5', 'aos_vm8']
--------------------------------------------------
0 - usage: 44.0 | mapping ['aos_vm5', 'aos_vm1']
1 - usage: 43.0 | mapping ['aos_vm2', 'aos_vm7']
2 - usage: 45.0 | mapping ['aos_vm4', 'aos_vm3']
3 - usage: 45.0 | mapping ['aos_vm6', 'aos_vm8']
--------------------------------------------------
0 - usage: 45.0 | mapping ['aos_vm5', 'aos_vm1']
1 - usage: 44.0 | mapping ['aos_vm2', 'aos_vm7']
2 - usage: 43.0 | mapping ['aos_vm4', 'aos_vm3']
3 - usage: 44.0 | mapping ['aos_vm6', 'aos_vm8']
--------------------------------------------------
0 - usage: 44.0 | mapping ['aos_vm6', 'aos_vm1']
1 - usage: 43.0 | mapping ['aos_vm2', 'aos_vm7']
2 - usage: 45.0 | mapping ['aos_vm4', 'aos_vm3']
3 - usage: 45.0 | mapping ['aos_vm5', 'aos_vm8']
--------------------------------------------------
0 - usage: 46.0 | mapping ['aos_vm2', 'aos_vm6']
1 - usage: 42.0 | mapping ['aos_vm5', 'aos_vm7']
2 - usage: 46.0 | mapping ['aos_vm4', 'aos_vm3']
3 - usage: 45.0 | mapping ['aos_vm8', 'aos_vm1']
--------------------------------------------------
0 - usage: 44.0 | mapping ['aos_vm5', 'aos_vm1']
1 - usage: 44.0 | mapping ['aos_vm6', 'aos_vm7']
2 - usage: 44.0 | mapping ['aos_vm4', 'aos_vm3']
3 - usage: 44.0 | mapping ['aos_vm2', 'aos_vm8']
--------------------------------------------------
0 - usage: 41.0 | mapping ['aos_vm2', 'aos_vm1']
1 - usage: 43.0 | mapping ['aos_vm6', 'aos_vm7']
2 - usage: 44.0 | mapping ['aos_vm4', 'aos_vm3']
3 - usage: 45.0 | mapping ['aos_vm5', 'aos_vm8']
--------------------------------------------------
0 - usage: 47.0 | mapping ['aos_vm2', 'aos_vm1']
1 - usage: 45.0 | mapping ['aos_vm6', 'aos_vm7']
2 - usage: 46.0 | mapping ['aos_vm4', 'aos_vm3']
3 - usage: 44.0 | mapping ['aos_vm5', 'aos_vm8']
--------------------------------------------------
0 - usage: 44.0 | mapping ['aos_vm2', 'aos_vm1']
1 - usage: 41.0 | mapping ['aos_vm6', 'aos_vm7']
2 - usage: 43.0 | mapping ['aos_vm4', 'aos_vm3']
3 - usage: 44.0 | mapping ['aos_vm5', 'aos_vm8']
--------------------------------------------------
0 - usage: 43.0 | mapping ['aos_vm5', 'aos_vm2']
1 - usage: 46.0 | mapping ['aos_vm6', 'aos_vm7']
2 - usage: 44.0 | mapping ['aos_vm4', 'aos_vm3']
3 - usage: 43.0 | mapping ['aos_vm8', 'aos_vm1']
--------------------------------------------------
0 - usage: 45.0 | mapping ['aos_vm5', 'aos_vm1']
1 - usage: 42.0 | mapping ['aos_vm6', 'aos_vm7']
2 - usage: 43.0 | mapping ['aos_vm4', 'aos_vm3']
3 - usage: 46.0 | mapping ['aos_vm2', 'aos_vm8']
--------------------------------------------------
0 - usage: 44.0 | mapping ['aos_vm5', 'aos_vm2']
1 - usage: 44.0 | mapping ['aos_vm6', 'aos_vm7']
2 - usage: 44.0 | mapping ['aos_vm4', 'aos_vm3']
3 - usage: 43.0 | mapping ['aos_vm8', 'aos_vm1']
--------------------------------------------------
0 - usage: 44.0 | mapping ['aos_vm5', 'aos_vm2']
1 - usage: 45.0 | mapping ['aos_vm7', 'aos_vm1']
2 - usage: 43.0 | mapping ['aos_vm4', 'aos_vm3']
3 - usage: 44.0 | mapping ['aos_vm6', 'aos_vm8']
--------------------------------------------------
0 - usage: 44.0 | mapping ['aos_vm2', 'aos_vm1']
1 - usage: 42.0 | mapping ['aos_vm6', 'aos_vm7']
2 - usage: 66.0 | mapping ['aos_vm5', 'aos_vm4', 'aos_vm3']
3 - usage: 20.0 | mapping ['aos_vm8']
--------------------------------------------------
0 - usage: 45.0 | mapping ['aos_vm5', 'aos_vm1']
1 - usage: 43.0 | mapping ['aos_vm2', 'aos_vm7']
2 - usage: 43.0 | mapping ['aos_vm4', 'aos_vm3']
3 - usage: 43.0 | mapping ['aos_vm6', 'aos_vm8']
--------------------------------------------------
0 - usage: 45.0 | mapping ['aos_vm5', 'aos_vm2']
1 - usage: 42.0 | mapping ['aos_vm7', 'aos_vm1']
2 - usage: 44.0 | mapping ['aos_vm4', 'aos_vm3']
3 - usage: 45.0 | mapping ['aos_vm6', 'aos_vm8']
--------------------------------------------------
0 - usage: 46.0 | mapping ['aos_vm5', 'aos_vm1']
1 - usage: 43.0 | mapping ['aos_vm2', 'aos_vm7']
2 - usage: 46.0 | mapping ['aos_vm4', 'aos_vm3']
3 - usage: 43.0 | mapping ['aos_vm6', 'aos_vm8']
--------------------------------------------------
0 - usage: 43.0 | mapping ['aos_vm2', 'aos_vm1']
1 - usage: 44.0 | mapping ['aos_vm5', 'aos_vm7']
2 - usage: 44.0 | mapping ['aos_vm4', 'aos_vm3']
3 - usage: 44.0 | mapping ['aos_vm6', 'aos_vm8']
--------------------------------------------------
0 - usage: 44.0 | mapping ['aos_vm5', 'aos_vm1']
1 - usage: 46.0 | mapping ['aos_vm2', 'aos_vm7']
2 - usage: 45.0 | mapping ['aos_vm4', 'aos_vm3']
3 - usage: 45.0 | mapping ['aos_vm6', 'aos_vm8']
--------------------------------------------------
0 - usage: 46.0 | mapping ['aos_vm5', 'aos_vm6']
1 - usage: 43.0 | mapping ['aos_vm7', 'aos_vm1']
2 - usage: 44.0 | mapping ['aos_vm4', 'aos_vm3']
3 - usage: 42.0 | mapping ['aos_vm2', 'aos_vm8']
--------------------------------------------------
0 - usage: 45.0 | mapping ['aos_vm2', 'aos_vm1']
1 - usage: 43.0 | mapping ['aos_vm6', 'aos_vm7']
2 - usage: 45.0 | mapping ['aos_vm4', 'aos_vm3']
3 - usage: 43.0 | mapping ['aos_vm5', 'aos_vm8']
--------------------------------------------------
0 - usage: 45.0 | mapping ['aos_vm2', 'aos_vm6']
1 - usage: 44.0 | mapping ['aos_vm7', 'aos_vm1']
2 - usage: 44.0 | mapping ['aos_vm4', 'aos_vm3']
3 - usage: 44.0 | mapping ['aos_vm5', 'aos_vm8']
--------------------------------------------------
0 - usage: 43.0 | mapping ['aos_vm6', 'aos_vm1']
1 - usage: 44.0 | mapping ['aos_vm2', 'aos_vm7']
2 - usage: 44.0 | mapping ['aos_vm4', 'aos_vm3']
3 - usage: 44.0 | mapping ['aos_vm5', 'aos_vm8']
--------------------------------------------------
0 - usage: 46.0 | mapping ['aos_vm2', 'aos_vm6']
1 - usage: 45.0 | mapping ['aos_vm5', 'aos_vm7']
2 - usage: 45.0 | mapping ['aos_vm4', 'aos_vm3']
3 - usage: 43.0 | mapping ['aos_vm8', 'aos_vm1']
--------------------------------------------------
0 - usage: 44.0 | mapping ['aos_vm5', 'aos_vm6']
1 - usage: 46.0 | mapping ['aos_vm2', 'aos_vm7']
2 - usage: 46.0 | mapping ['aos_vm4', 'aos_vm3']
3 - usage: 45.0 | mapping ['aos_vm8', 'aos_vm1']
--------------------------------------------------
0 - usage: 45.0 | mapping ['aos_vm2', 'aos_vm6']
1 - usage: 46.0 | mapping ['aos_vm7', 'aos_vm1']
2 - usage: 44.0 | mapping ['aos_vm4', 'aos_vm3']
3 - usage: 43.0 | mapping ['aos_vm5', 'aos_vm8']
--------------------------------------------------
0 - usage: 43.0 | mapping ['aos_vm2', 'aos_vm6']
1 - usage: 41.0 | mapping ['aos_vm7', 'aos_vm1']
2 - usage: 42.0 | mapping ['aos_vm4', 'aos_vm3']
3 - usage: 44.0 | mapping ['aos_vm5', 'aos_vm8']
--------------------------------------------------
0 - usage: 45.0 | mapping ['aos_vm5', 'aos_vm6']
1 - usage: 43.0 | mapping ['aos_vm2', 'aos_vm7']
2 - usage: 46.0 | mapping ['aos_vm4', 'aos_vm3']
3 - usage: 46.0 | mapping ['aos_vm8', 'aos_vm1']
--------------------------------------------------
0 - usage: 43.0 | mapping ['aos_vm6', 'aos_vm1']
1 - usage: 45.0 | mapping ['aos_vm5', 'aos_vm7']
2 - usage: 45.0 | mapping ['aos_vm4', 'aos_vm3']
3 - usage: 44.0 | mapping ['aos_vm2', 'aos_vm8']
--------------------------------------------------
0 - usage: 42.0 | mapping ['aos_vm5', 'aos_vm6']
1 - usage: 41.0 | mapping ['aos_vm2', 'aos_vm7']
2 - usage: 41.0 | mapping ['aos_vm4', 'aos_vm3']
3 - usage: 42.0 | mapping ['aos_vm8', 'aos_vm1']
--------------------------------------------------
0 - usage: 44.0 | mapping ['aos_vm2', 'aos_vm6']
1 - usage: 43.0 | mapping ['aos_vm7', 'aos_vm1']
2 - usage: 45.0 | mapping ['aos_vm4', 'aos_vm3']
3 - usage: 44.0 | mapping ['aos_vm5', 'aos_vm8']
--------------------------------------------------
0 - usage: 46.0 | mapping ['aos_vm5', 'aos_vm1']
1 - usage: 45.0 | mapping ['aos_vm6', 'aos_vm7']
2 - usage: 44.0 | mapping ['aos_vm4', 'aos_vm3']
3 - usage: 43.0 | mapping ['aos_vm2', 'aos_vm8']
--------------------------------------------------
0 - usage: 47.0 | mapping ['aos_vm2', 'aos_vm1']
1 - usage: 44.0 | mapping ['aos_vm5', 'aos_vm7']
2 - usage: 46.0 | mapping ['aos_vm4', 'aos_vm3']
3 - usage: 45.0 | mapping ['aos_vm6', 'aos_vm8']
--------------------------------------------------
0 - usage: 42.0 | mapping ['aos_vm5', 'aos_vm6']
1 - usage: 42.0 | mapping ['aos_vm7', 'aos_vm1']
2 - usage: 41.0 | mapping ['aos_vm4', 'aos_vm3']
3 - usage: 43.0 | mapping ['aos_vm2', 'aos_vm8']
--------------------------------------------------
0 - usage: 45.0 | mapping ['aos_vm5', 'aos_vm6']
1 - usage: 43.0 | mapping ['aos_vm2', 'aos_vm7']
2 - usage: 45.0 | mapping ['aos_vm4', 'aos_vm3']
3 - usage: 44.0 | mapping ['aos_vm8', 'aos_vm1']
--------------------------------------------------
0 - usage: 46.0 | mapping ['aos_vm2', 'aos_vm1']
1 - usage: 44.0 | mapping ['aos_vm5', 'aos_vm7']
2 - usage: 46.0 | mapping ['aos_vm4', 'aos_vm3']
3 - usage: 44.0 | mapping ['aos_vm6', 'aos_vm8']
--------------------------------------------------
0 - usage: 47.0 | mapping ['aos_vm5', 'aos_vm6']
1 - usage: 43.0 | mapping ['aos_vm2', 'aos_vm7']
2 - usage: 45.0 | mapping ['aos_vm4', 'aos_vm3']
3 - usage: 44.0 | mapping ['aos_vm8', 'aos_vm1']
--------------------------------------------------
0 - usage: 44.0 | mapping ['aos_vm5', 'aos_vm2']
1 - usage: 43.0 | mapping ['aos_vm6', 'aos_vm7']
2 - usage: 43.0 | mapping ['aos_vm4', 'aos_vm3']
3 - usage: 44.0 | mapping ['aos_vm8', 'aos_vm1']
--------------------------------------------------
0 - usage: 41.0 | mapping ['aos_vm6', 'aos_vm1']
1 - usage: 42.0 | mapping ['aos_vm2', 'aos_vm7']
2 - usage: 42.0 | mapping ['aos_vm4', 'aos_vm3']
3 - usage: 44.0 | mapping ['aos_vm5', 'aos_vm8']
--------------------------------------------------
0 - usage: 45.0 | mapping ['aos_vm5', 'aos_vm6']
1 - usage: 46.0 | mapping ['aos_vm7', 'aos_vm1']
2 - usage: 45.0 | mapping ['aos_vm4', 'aos_vm3']
3 - usage: 43.0 | mapping ['aos_vm2', 'aos_vm8']
--------------------------------------------------
0 - usage: 46.0 | mapping ['aos_vm2', 'aos_vm6']
1 - usage: 43.0 | mapping ['aos_vm7', 'aos_vm1']
2 - usage: 45.0 | mapping ['aos_vm4', 'aos_vm3']
3 - usage: 43.0 | mapping ['aos_vm5', 'aos_vm8']
--------------------------------------------------
0 - usage: 46.0 | mapping ['aos_vm5', 'aos_vm2']
1 - usage: 44.0 | mapping ['aos_vm6', 'aos_vm7']
2 - usage: 44.0 | mapping ['aos_vm4', 'aos_vm3']
3 - usage: 45.0 | mapping ['aos_vm8', 'aos_vm1']
--------------------------------------------------
0 - usage: 44.0 | mapping ['aos_vm5', 'aos_vm2']
1 - usage: 43.0 | mapping ['aos_vm6', 'aos_vm7']
2 - usage: 45.0 | mapping ['aos_vm4', 'aos_vm3']
3 - usage: 44.0 | mapping ['aos_vm8', 'aos_vm1']
--------------------------------------------------
0 - usage: 44.0 | mapping ['aos_vm5', 'aos_vm2']
1 - usage: 45.0 | mapping ['aos_vm6', 'aos_vm7']
2 - usage: 42.0 | mapping ['aos_vm4', 'aos_vm3']
3 - usage: 43.0 | mapping ['aos_vm8', 'aos_vm1']
--------------------------------------------------
0 - usage: 44.0 | mapping ['aos_vm2', 'aos_vm6']
1 - usage: 44.0 | mapping ['aos_vm5', 'aos_vm7']
2 - usage: 46.0 | mapping ['aos_vm4', 'aos_vm3']
3 - usage: 44.0 | mapping ['aos_vm8', 'aos_vm1']
--------------------------------------------------
0 - usage: 44.0 | mapping ['aos_vm6', 'aos_vm1']
1 - usage: 43.0 | mapping ['aos_vm5', 'aos_vm7']
2 - usage: 45.0 | mapping ['aos_vm4', 'aos_vm3']
3 - usage: 45.0 | mapping ['aos_vm2', 'aos_vm8']
--------------------------------------------------
0 - usage: 22.0 | mapping ['aos_vm5']
1 - usage: 45.0 | mapping ['aos_vm7', 'aos_vm1']
2 - usage: 66.0 | mapping ['aos_vm2', 'aos_vm4', 'aos_vm3']
3 - usage: 41.0 | mapping ['aos_vm6', 'aos_vm8']
--------------------------------------------------
0 - usage: 42.0 | mapping ['aos_vm6', 'aos_vm1']
1 - usage: 43.0 | mapping ['aos_vm5', 'aos_vm7']
2 - usage: 43.0 | mapping ['aos_vm4', 'aos_vm3']
3 - usage: 43.0 | mapping ['aos_vm2', 'aos_vm8']
--------------------------------------------------
0 - usage: 45.0 | mapping ['aos_vm6', 'aos_vm1']
1 - usage: 44.0 | mapping ['aos_vm2', 'aos_vm7']
2 - usage: 43.0 | mapping ['aos_vm4', 'aos_vm3']
3 - usage: 42.0 | mapping ['aos_vm5', 'aos_vm8']
--------------------------------------------------
0 - usage: 45.0 | mapping ['aos_vm2', 'aos_vm6']
1 - usage: 44.0 | mapping ['aos_vm7', 'aos_vm1']
2 - usage: 45.0 | mapping ['aos_vm4', 'aos_vm3']
3 - usage: 46.0 | mapping ['aos_vm5', 'aos_vm8']
--------------------------------------------------
0 - usage: 42.0 | mapping ['aos_vm2', 'aos_vm6']
1 - usage: 42.0 | mapping ['aos_vm7', 'aos_vm1']
2 - usage: 43.0 | mapping ['aos_vm4', 'aos_vm3']
3 - usage: 42.0 | mapping ['aos_vm5', 'aos_vm8']
--------------------------------------------------
0 - usage: 45.0 | mapping ['aos_vm6', 'aos_vm1']
1 - usage: 44.0 | mapping ['aos_vm5', 'aos_vm7']
2 - usage: 44.0 | mapping ['aos_vm4', 'aos_vm3']
3 - usage: 44.0 | mapping ['aos_vm2', 'aos_vm8']
--------------------------------------------------
0 - usage: 46.0 | mapping ['aos_vm6', 'aos_vm1']
1 - usage: 43.0 | mapping ['aos_vm5', 'aos_vm7']
2 - usage: 45.0 | mapping ['aos_vm4', 'aos_vm3']
3 - usage: 43.0 | mapping ['aos_vm2', 'aos_vm8']
--------------------------------------------------
0 - usage: 43.0 | mapping ['aos_vm5', 'aos_vm1']
1 - usage: 43.0 | mapping ['aos_vm2', 'aos_vm7']
2 - usage: 44.0 | mapping ['aos_vm4', 'aos_vm3']
3 - usage: 44.0 | mapping ['aos_vm6', 'aos_vm8']
--------------------------------------------------
0 - usage: 46.0 | mapping ['aos_vm2', 'aos_vm1']
1 - usage: 44.0 | mapping ['aos_vm5', 'aos_vm7']
2 - usage: 42.0 | mapping ['aos_vm4', 'aos_vm3']
3 - usage: 45.0 | mapping ['aos_vm6', 'aos_vm8']
--------------------------------------------------
0 - usage: 43.0 | mapping ['aos_vm6', 'aos_vm1']
1 - usage: 44.0 | mapping ['aos_vm5', 'aos_vm7']
2 - usage: 46.0 | mapping ['aos_vm4', 'aos_vm3']
3 - usage: 43.0 | mapping ['aos_vm2', 'aos_vm8']
--------------------------------------------------
0 - usage: 48.0 | mapping ['aos_vm2', 'aos_vm6']
1 - usage: 46.0 | mapping ['aos_vm7', 'aos_vm1']
2 - usage: 66.0 | mapping ['aos_vm5', 'aos_vm4', 'aos_vm3']
3 - usage: 19.0 | mapping ['aos_vm8']
--------------------------------------------------
0 - usage: 46.0 | mapping ['aos_vm2', 'aos_vm6']
1 - usage: 43.0 | mapping ['aos_vm5', 'aos_vm7']
2 - usage: 46.0 | mapping ['aos_vm4', 'aos_vm3']
3 - usage: 45.0 | mapping ['aos_vm8', 'aos_vm1']
--------------------------------------------------
0 - usage: 45.0 | mapping ['aos_vm5', 'aos_vm6']
1 - usage: 44.0 | mapping ['aos_vm2', 'aos_vm7']
2 - usage: 44.0 | mapping ['aos_vm4', 'aos_vm3']
3 - usage: 45.0 | mapping ['aos_vm8', 'aos_vm1']
--------------------------------------------------
0 - usage: 45.0 | mapping ['aos_vm5', 'aos_vm6']
1 - usage: 44.0 | mapping ['aos_vm2', 'aos_vm7']
2 - usage: 44.0 | mapping ['aos_vm4', 'aos_vm3']
3 - usage: 44.0 | mapping ['aos_vm8', 'aos_vm1']
--------------------------------------------------
0 - usage: 44.0 | mapping ['aos_vm5', 'aos_vm1']
1 - usage: 44.0 | mapping ['aos_vm6', 'aos_vm7']
2 - usage: 41.0 | mapping ['aos_vm4', 'aos_vm3']
3 - usage: 43.0 | mapping ['aos_vm2', 'aos_vm8']
--------------------------------------------------
0 - usage: 45.0 | mapping ['aos_vm5', 'aos_vm1']
1 - usage: 45.0 | mapping ['aos_vm2', 'aos_vm7']
2 - usage: 45.0 | mapping ['aos_vm4', 'aos_vm3']
3 - usage: 43.0 | mapping ['aos_vm6', 'aos_vm8']
--------------------------------------------------
0 - usage: 44.0 | mapping ['aos_vm6', 'aos_vm1']
1 - usage: 42.0 | mapping ['aos_vm2', 'aos_vm7']
2 - usage: 46.0 | mapping ['aos_vm4', 'aos_vm3']
3 - usage: 45.0 | mapping ['aos_vm5', 'aos_vm8']
--------------------------------------------------
0 - usage: 47.0 | mapping ['aos_vm2', 'aos_vm6']
1 - usage: 44.0 | mapping ['aos_vm7', 'aos_vm1']
2 - usage: 44.0 | mapping ['aos_vm4', 'aos_vm3']
3 - usage: 43.0 | mapping ['aos_vm5', 'aos_vm8']
--------------------------------------------------
0 - usage: 44.0 | mapping ['aos_vm5', 'aos_vm6']
1 - usage: 44.0 | mapping ['aos_vm7', 'aos_vm1']
2 - usage: 44.0 | mapping ['aos_vm4', 'aos_vm3']
3 - usage: 44.0 | mapping ['aos_vm2', 'aos_vm8']
--------------------------------------------------
0 - usage: 45.0 | mapping ['aos_vm5', 'aos_vm6']
1 - usage: 44.0 | mapping ['aos_vm7', 'aos_vm1']
2 - usage: 44.0 | mapping ['aos_vm4', 'aos_vm3']
3 - usage: 46.0 | mapping ['aos_vm2', 'aos_vm8']
--------------------------------------------------
0 - usage: 42.0 | mapping ['aos_vm5', 'aos_vm6']
1 - usage: 42.0 | mapping ['aos_vm7', 'aos_vm1']
2 - usage: 46.0 | mapping ['aos_vm4', 'aos_vm3']
3 - usage: 44.0 | mapping ['aos_vm2', 'aos_vm8']
--------------------------------------------------
0 - usage: 46.0 | mapping ['aos_vm2', 'aos_vm1']
1 - usage: 46.0 | mapping ['aos_vm6', 'aos_vm7']
2 - usage: 44.0 | mapping ['aos_vm4', 'aos_vm3']
3 - usage: 45.0 | mapping ['aos_vm5', 'aos_vm8']
--------------------------------------------------
0 - usage: 42.0 | mapping ['aos_vm2', 'aos_vm6']
1 - usage: 45.0 | mapping ['aos_vm7', 'aos_vm1']
2 - usage: 43.0 | mapping ['aos_vm4', 'aos_vm3']
3 - usage: 43.0 | mapping ['aos_vm5', 'aos_vm8']
--------------------------------------------------
0 - usage: 23.0 | mapping ['aos_vm6']
1 - usage: 42.0 | mapping ['aos_vm5', 'aos_vm7']
2 - usage: 66.0 | mapping ['aos_vm2', 'aos_vm4', 'aos_vm3']
3 - usage: 43.0 | mapping ['aos_vm8', 'aos_vm1']
--------------------------------------------------
0 - usage: 44.0 | mapping ['aos_vm6', 'aos_vm1']
1 - usage: 43.0 | mapping ['aos_vm5', 'aos_vm7']
2 - usage: 43.0 | mapping ['aos_vm4', 'aos_vm3']
3 - usage: 44.0 | mapping ['aos_vm2', 'aos_vm8']
--------------------------------------------------
0 - usage: 45.0 | mapping ['aos_vm5', 'aos_vm1']
1 - usage: 43.0 | mapping ['aos_vm6', 'aos_vm7']
2 - usage: 45.0 | mapping ['aos_vm4', 'aos_vm3']
3 - usage: 41.0 | mapping ['aos_vm2', 'aos_vm8']
--------------------------------------------------
0 - usage: 46.0 | mapping ['aos_vm5', 'aos_vm6']
1 - usage: 44.0 | mapping ['aos_vm7', 'aos_vm1']
2 - usage: 45.0 | mapping ['aos_vm4', 'aos_vm3']
3 - usage: 45.0 | mapping ['aos_vm2', 'aos_vm8']
--------------------------------------------------
0 - usage: 43.0 | mapping ['aos_vm5', 'aos_vm6']
1 - usage: 42.0 | mapping ['aos_vm2', 'aos_vm7']
2 - usage: 42.0 | mapping ['aos_vm4', 'aos_vm3']
3 - usage: 41.0 | mapping ['aos_vm8', 'aos_vm1']
--------------------------------------------------
0 - usage: 45.0 | mapping ['aos_vm5', 'aos_vm6']
1 - usage: 43.0 | mapping ['aos_vm2', 'aos_vm7']
2 - usage: 44.0 | mapping ['aos_vm4', 'aos_vm3']
3 - usage: 46.0 | mapping ['aos_vm8', 'aos_vm1']
--------------------------------------------------
0 - usage: 46.0 | mapping ['aos_vm2', 'aos_vm6']
1 - usage: 43.0 | mapping ['aos_vm7', 'aos_vm1']
2 - usage: 45.0 | mapping ['aos_vm4', 'aos_vm3']
3 - usage: 42.0 | mapping ['aos_vm5', 'aos_vm8']
--------------------------------------------------
0 - usage: 44.0 | mapping ['aos_vm6', 'aos_vm1']
1 - usage: 44.0 | mapping ['aos_vm5', 'aos_vm7']
2 - usage: 42.0 | mapping ['aos_vm4', 'aos_vm3']
3 - usage: 43.0 | mapping ['aos_vm2', 'aos_vm8']
--------------------------------------------------
0 - usage: 44.0 | mapping ['aos_vm5', 'aos_vm6']
1 - usage: 44.0 | mapping ['aos_vm7', 'aos_vm1']
2 - usage: 44.0 | mapping ['aos_vm4', 'aos_vm3']
3 - usage: 45.0 | mapping ['aos_vm2', 'aos_vm8']
--------------------------------------------------
0 - usage: 43.0 | mapping ['aos_vm6', 'aos_vm1']
1 - usage: 45.0 | mapping ['aos_vm5', 'aos_vm7']
2 - usage: 44.0 | mapping ['aos_vm4', 'aos_vm3']
3 - usage: 44.0 | mapping ['aos_vm2', 'aos_vm8']
--------------------------------------------------
0 - usage: 45.0 | mapping ['aos_vm2', 'aos_vm1']
1 - usage: 43.0 | mapping ['aos_vm6', 'aos_vm7']
2 - usage: 44.0 | mapping ['aos_vm4', 'aos_vm3']
3 - usage: 42.0 | mapping ['aos_vm5', 'aos_vm8']
--------------------------------------------------
0 - usage: 42.0 | mapping ['aos_vm2', 'aos_vm1']
1 - usage: 43.0 | mapping ['aos_vm6', 'aos_vm7']
2 - usage: 42.0 | mapping ['aos_vm4', 'aos_vm3']
3 - usage: 43.0 | mapping ['aos_vm5', 'aos_vm8']
--------------------------------------------------
0 - usage: 44.0 | mapping ['aos_vm2', 'aos_vm1']
1 - usage: 44.0 | mapping ['aos_vm6', 'aos_vm7']
2 - usage: 44.0 | mapping ['aos_vm4', 'aos_vm3']
3 - usage: 45.0 | mapping ['aos_vm5', 'aos_vm8']
--------------------------------------------------
0 - usage: 45.0 | mapping ['aos_vm5', 'aos_vm2']
1 - usage: 44.0 | mapping ['aos_vm6', 'aos_vm7']
2 - usage: 44.0 | mapping ['aos_vm4', 'aos_vm3']
3 - usage: 45.0 | mapping ['aos_vm8', 'aos_vm1']
--------------------------------------------------
0 - usage: 46.0 | mapping ['aos_vm5', 'aos_vm2']
1 - usage: 43.0 | mapping ['aos_vm7', 'aos_vm1']
2 - usage: 44.0 | mapping ['aos_vm4', 'aos_vm3']
3 - usage: 44.0 | mapping ['aos_vm6', 'aos_vm8']
--------------------------------------------------
0 - usage: 43.0 | mapping ['aos_vm5', 'aos_vm2']
1 - usage: 42.0 | mapping ['aos_vm6', 'aos_vm7']
2 - usage: 44.0 | mapping ['aos_vm4', 'aos_vm3']
3 - usage: 42.0 | mapping ['aos_vm8', 'aos_vm1']
--------------------------------------------------
0 - usage: 45.0 | mapping ['aos_vm5', 'aos_vm2']
1 - usage: 46.0 | mapping ['aos_vm7', 'aos_vm1']
2 - usage: 45.0 | mapping ['aos_vm4', 'aos_vm3']
3 - usage: 44.0 | mapping ['aos_vm6', 'aos_vm8']
--------------------------------------------------
0 - usage: 44.0 | mapping ['aos_vm5', 'aos_vm2']
1 - usage: 42.0 | mapping ['aos_vm7', 'aos_vm1']
2 - usage: 45.0 | mapping ['aos_vm4', 'aos_vm3']
3 - usage: 45.0 | mapping ['aos_vm6', 'aos_vm8']
--------------------------------------------------
0 - usage: 46.0 | mapping ['aos_vm5', 'aos_vm2']
1 - usage: 43.0 | mapping ['aos_vm6', 'aos_vm7']
2 - usage: 42.0 | mapping ['aos_vm4', 'aos_vm3']
3 - usage: 44.0 | mapping ['aos_vm8', 'aos_vm1']
--------------------------------------------------
0 - usage: 45.0 | mapping ['aos_vm5', 'aos_vm1']
1 - usage: 42.0 | mapping ['aos_vm2', 'aos_vm7']
2 - usage: 46.0 | mapping ['aos_vm4', 'aos_vm3']
3 - usage: 45.0 | mapping ['aos_vm6', 'aos_vm8']
--------------------------------------------------
0 - usage: 44.0 | mapping ['aos_vm6', 'aos_vm1']
1 - usage: 45.0 | mapping ['aos_vm5', 'aos_vm7']
2 - usage: 42.0 | mapping ['aos_vm4', 'aos_vm3']
3 - usage: 43.0 | mapping ['aos_vm2', 'aos_vm8']
--------------------------------------------------
0 - usage: 43.0 | mapping ['aos_vm5', 'aos_vm2']
1 - usage: 42.0 | mapping ['aos_vm6', 'aos_vm7']
2 - usage: 43.0 | mapping ['aos_vm4', 'aos_vm3']
3 - usage: 45.0 | mapping ['aos_vm8', 'aos_vm1']
--------------------------------------------------
0 - usage: 45.0 | mapping ['aos_vm5', 'aos_vm2']
1 - usage: 45.0 | mapping ['aos_vm7', 'aos_vm1']
2 - usage: 44.0 | mapping ['aos_vm4', 'aos_vm3']
3 - usage: 45.0 | mapping ['aos_vm6', 'aos_vm8']
--------------------------------------------------
0 - usage: 43.0 | mapping ['aos_vm2', 'aos_vm6']
1 - usage: 44.0 | mapping ['aos_vm7', 'aos_vm1']
2 - usage: 43.0 | mapping ['aos_vm4', 'aos_vm3']
3 - usage: 42.0 | mapping ['aos_vm5', 'aos_vm8']
--------------------------------------------------
0 - usage: 44.0 | mapping ['aos_vm2', 'aos_vm1']
1 - usage: 44.0 | mapping ['aos_vm5', 'aos_vm7']
2 - usage: 43.0 | mapping ['aos_vm4', 'aos_vm3']
3 - usage: 44.0 | mapping ['aos_vm6', 'aos_vm8']
--------------------------------------------------
0 - usage: 44.0 | mapping ['aos_vm6', 'aos_vm1']
1 - usage: 45.0 | mapping ['aos_vm5', 'aos_vm7']
2 - usage: 46.0 | mapping ['aos_vm4', 'aos_vm3']
3 - usage: 43.0 | mapping ['aos_vm2', 'aos_vm8']
--------------------------------------------------
0 - usage: 44.0 | mapping ['aos_vm2', 'aos_vm6']
1 - usage: 46.0 | mapping ['aos_vm5', 'aos_vm7']
2 - usage: 43.0 | mapping ['aos_vm4', 'aos_vm3']
3 - usage: 45.0 | mapping ['aos_vm8', 'aos_vm1']
--------------------------------------------------
0 - usage: 44.0 | mapping ['aos_vm5', 'aos_vm2']
1 - usage: 44.0 | mapping ['aos_vm6', 'aos_vm7']
2 - usage: 42.0 | mapping ['aos_vm4', 'aos_vm3']
3 - usage: 42.0 | mapping ['aos_vm8', 'aos_vm1']
--------------------------------------------------
0 - usage: 45.0 | mapping ['aos_vm5', 'aos_vm2']
1 - usage: 43.0 | mapping ['aos_vm6', 'aos_vm7']
2 - usage: 45.0 | mapping ['aos_vm4', 'aos_vm3']
3 - usage: 43.0 | mapping ['aos_vm8', 'aos_vm1']
--------------------------------------------------
0 - usage: 44.0 | mapping ['aos_vm2', 'aos_vm1']
1 - usage: 43.0 | mapping ['aos_vm6', 'aos_vm7']
2 - usage: 40.0 | mapping ['aos_vm4', 'aos_vm3']
3 - usage: 42.0 | mapping ['aos_vm5', 'aos_vm8']
--------------------------------------------------
0 - usage: 44.0 | mapping ['aos_vm5', 'aos_vm6']
1 - usage: 42.0 | mapping ['aos_vm2', 'aos_vm7']
2 - usage: 44.0 | mapping ['aos_vm4', 'aos_vm3']
3 - usage: 43.0 | mapping ['aos_vm8', 'aos_vm1']
--------------------------------------------------
0 - usage: 44.0 | mapping ['aos_vm5', 'aos_vm6']
1 - usage: 44.0 | mapping ['aos_vm2', 'aos_vm7']
2 - usage: 44.0 | mapping ['aos_vm4', 'aos_vm3']
3 - usage: 44.0 | mapping ['aos_vm8', 'aos_vm1']
--------------------------------------------------
0 - usage: 43.0 | mapping ['aos_vm5', 'aos_vm2']
1 - usage: 44.0 | mapping ['aos_vm6', 'aos_vm7']
2 - usage: 43.0 | mapping ['aos_vm4', 'aos_vm3']
3 - usage: 42.0 | mapping ['aos_vm8', 'aos_vm1']
--------------------------------------------------
0 - usage: 44.0 | mapping ['aos_vm5', 'aos_vm1']
1 - usage: 45.0 | mapping ['aos_vm6', 'aos_vm7']
2 - usage: 44.0 | mapping ['aos_vm4', 'aos_vm3']
3 - usage: 44.0 | mapping ['aos_vm2', 'aos_vm8']
--------------------------------------------------
0 - usage: 22.0 | mapping ['aos_vm5']
1 - usage: 46.0 | mapping ['aos_vm7', 'aos_vm1']
2 - usage: 68.0 | mapping ['aos_vm6', 'aos_vm4', 'aos_vm3']
3 - usage: 45.0 | mapping ['aos_vm2', 'aos_vm8']
--------------------------------------------------
0 - usage: 46.0 | mapping ['aos_vm5', 'aos_vm6']
1 - usage: 45.0 | mapping ['aos_vm7', 'aos_vm1']
2 - usage: 43.0 | mapping ['aos_vm4', 'aos_vm3']
3 - usage: 44.0 | mapping ['aos_vm2', 'aos_vm8']
^CTraceback (most recent call last):
  File "./monitor.py", line 117, in <module>
    s.run()
  File "/usr/lib/python2.7/sched.py", line 111, in run
    delayfunc(time - now)
KeyboardInterrupt
]0;hamed@ubuntu: ~/Desktop/proj1/Project1/cpu[01;32mhamed@ubuntu[00m:[01;34m~/Desktop/proj1/Project1/cpu[00m$ exit
exit

Script done on 2020-09-15 23:23:57-0700
